Diagnose log at 2023-11-23T01:29:33Z

AppPath: C:\Program Files\Git\mingw64\bin\git-credential-manager.exe
InstallDir: C:\Program Files\Git\mingw64\bin\
Version: 2.4.1

------------
Diagnostic: Environment
Skipped: False
Success: True
Exception: None
Log:
OSType: Windows
OSVersion: 10.0 (build 19045)
Reading environment variables... OK
 Variables:
HOMEPATH=\Users\Juanpaa
DriverData=C:\Windows\System32\Drivers\DriverData
COMPUTERNAME=JUANBATERAS
MSYSTEM=MINGW64
CommonProgramFiles(x86)=C:\Program Files (x86)\Common Files
OneDrive=C:\Users\Juanpaa\OneDrive
SSH_ASKPASS=C:/Program Files/Git/mingw64/bin/git-askpass.exe
TMPDIR=C:\Users\Juanpaa\AppData\Local\Temp
ProgramFiles(x86)=C:\Program Files (x86)
CONFIG_SITE=C:/Program Files/Git/etc/config.site
LC_CTYPE=en_US.UTF-8
USERDOMAIN=JuanBateras
PATHEXT=.COM;.EXE;.BAT;.CMD;.VBS;.VBE;.JS;.JSE;.WSF;.WSH;.MSC
AMDRMPATH=C:\Program Files\AMD\RyzenMaster\
MINGW_PREFIX=C:/Program Files/Git/mingw64
GIT_EXEC_PATH=C:/Program Files/Git/mingw64/libexec/git-core
ACLOCAL_PATH=C:\Program Files\Git\mingw64\share\aclocal;C:\Program Files\Git\usr\share\aclocal
TEMP=C:\Users\Juanpaa\AppData\Local\Temp
LOCALAPPDATA=C:\Users\Juanpaa\AppData\Local
MANPATH=C:\Program Files\Git\mingw64\local\man;C:\Program Files\Git\mingw64\share\man;C:\Program Files\Git\usr\local\man;C:\Program Files\Git\usr\share\man;C:\Program Files\Git\usr\man;C:\Program Files\Git\share\man
TERM=xterm
PROCESSOR_IDENTIFIER=AMD64 Family 23 Model 113 Stepping 0, AuthenticAMD
MSYSTEM_CARCH=x86_64
PROGRAMFILES=C:\Program Files (x86)
ProgramData=C:\ProgramData
JAVA_HOME=C:\Users\Juanpaa\Downloads\zulu19.32.15-ca-fx-jdk19.0.2-win_x64\bin
TERM_PROGRAM_VERSION=3.7.0
ORIGINAL_TMP=C:/Users/Juanpaa/AppData/Local/Temp
PROCESSOR_REVISION=7100
SYSTEMROOT=C:\WINDOWS
TERM_PROGRAM=mintty
PROCESSOR_LEVEL=23
NUMBER_OF_PROCESSORS=12
PATH=C:/Program Files/Git/mingw64/libexec/git-core;C:\Users\Juanpaa\bin;C:\Program Files\Git\mingw64\bin;C:\Program Files\Git\usr\local\bin;C:\Program Files\Git\usr\bin;C:\Program Files\Git\usr\bin;C:\Program Files\Git\mingw64\bin;C:\Program Files\Git\usr\bin;C:\Users\Juanpaa\bin;C:\Windows\system32;C:\Users\Juanpaa\Downloads\zulu19.32.15-ca-fx-jdk19.0.2-win_x64\bin;E:\app\Juanpaa\virtual\product\12.2.0\dbhome_1\bin;C:\Windows;C:\Windows\System32\Wbem;C:\Windows\System32\WindowsPowerShell\v1.0;C:\WINDOWS;C:\WINDOWS\System32\Wbem;C:\WINDOWS\System32\WindowsPowerShell\v1.0;C:\WINDOWS\System32\OpenSSH;C:\Program Files (x86)\QuickTime\QTSystem;C:\WINDOWS\system32;C:\WINDOWS;C:\WINDOWS\System32\Wbem;C:\WINDOWS\System32\WindowsPowerShell\v1.0;C:\WINDOWS\System32\OpenSSH;C:\Program Files\MySQL\MySQL Server 8.0\bin;C:\Program Files\Microsoft SQL Server\Client SDK\ODBC\170\Tools\Binn;C:\Program Files (x86)\Microsoft SQL Server\150\Tools\Binn;C:\Program Files\Microsoft SQL Server\150\Tools\Binn;C:\Program Files\Microsoft SQL Server\150\DTS\Binn;C:\Program Files (x86)\Microsoft SQL Server\150\DTS\Binn;C:\Program Files\Azure Data Studio\bin;C:\TDM-GCC-64\bin;C:\Strawberry\perl\bin;C:\Strawberry\perl\site\bin;C:\Strawberry\c\bin;C:\Program Files\dotnet\sdk\7.0.100\MSBuild.dll;C:\Program Files\dotnet;C:\Program Files\Docker\Docker\resources\bin;C:\Program Files\Git\cmd;C:\Users\Juanpaa\AppData\Local\Programs\Python\Python311;C:\Users\Juanpaa\AppData\Local\Programs\Python\Python311\Scripts;C:\Program Files\MySQL\MySQL Shell 8.0\bin;C:\Users\Juanpaa\AppData\Local\Microsoft\WindowsApp;C:\Program Files\Java\jdk1.8.0_271\bin";C:\Users\Juanpaa\AppData\Local\Microsoft\WindowsApps;C:\ProgramData\Juanpaa\GitHubDesktop\bin;C:\Users\Juanpaa\AppData\Local\Programs\Microsoft VS Code\bin;C:\Program Files\Azure Data Studio\bin;C:\Users\Juanpaa\.dotnet\tools;C:\PATH_Programs;C:\Program Files\Git\usr\bin\vendor_perl;C:\Program Files\Git\usr\bin\core_perl
SHLVL=1
APPDATA=C:\Users\Juanpaa\AppData\Roaming
SYSTEMDRIVE=C:
PSModulePath=C:\WINDOWS\system32\WindowsPowerShell\v1.0\Modules\;C:\Program Files (x86)\Microsoft SQL Server\150\Tools\PowerShell\Modules\
PUBLIC=C:\Users\Public
HOSTNAME=JuanBateras
PKG_CONFIG_PATH=C:\Program Files\Git\mingw64\lib\pkgconfig;C:\Program Files\Git\mingw64\share\pkgconfig
MSYSTEM_CHOST=x86_64-w64-mingw32
ORIGINAL_TEMP=C:/Users/Juanpaa/AppData/Local/Temp
WINDIR=C:\WINDOWS
PLINK_PROTOCOL=ssh
INFOPATH=C:\Program Files\Git\mingw64\local\info;C:\Program Files\Git\mingw64\share\info;C:\Program Files\Git\usr\local\info;C:\Program Files\Git\usr\share\info;C:\Program Files\Git\usr\info;C:\Program Files\Git\share\info
MSYS=disable_pcon
ACSvcPort=17532
MINGW_CHOST=x86_64-w64-mingw32
GIT_TRACE2_PARENT_SID=542dd4b8-6eb0-4663-b10a-9ff7f5dfe0c7
VBOX_MSI_INSTALL_PATH=C:\Program Files\Oracle\VirtualBox\
FP_NO_HOST_CHECK=NO
PKG_CONFIG_SYSTEM_LIBRARY_PATH=C:/Program Files/Git/mingw64/lib
RlsSvcPort=22112
TMP=C:\Users\Juanpaa\AppData\Local\Temp
SHELL=C:\Program Files\Git\usr\bin\bash.exe
HOME=C:\Users\Juanpaa
COMSPEC=C:\WINDOWS\system32\cmd.exe
LOGONSERVER=\\JUANBATERAS
USERPROFILE=C:\Users\Juanpaa
DISPLAY=needs-to-be-defined
COMMONPROGRAMFILES=C:\Program Files (x86)\Common Files
USERDOMAIN_ROAMINGPROFILE=JuanBateras
CommonProgramW6432=C:\Program Files\Common Files
HOMEDRIVE=C:
MSYSTEM_PREFIX=C:/Program Files/Git/mingw64
ACSetupSvcPort=23210
MINGW_PACKAGE_PREFIX=mingw-w64-x86_64
SESSIONNAME=Console
PWD=C:/Users/Juanpaa/Desktop/AplicacionesWeb/workspace/1_introduccion_html/ecommerce-isdw613-JPObregon
EXEPATH=C:\Program Files\Git
USERNAME=Juanpaa
PROCESSOR_ARCHITEW6432=AMD64
ORIGINAL_PATH=C:\Program Files\Git\mingw64\bin;C:\Program Files\Git\usr\bin;C:\Users\Juanpaa\bin;C:\Windows\system32;C:\Users\Juanpaa\Downloads\zulu19.32.15-ca-fx-jdk19.0.2-win_x64\bin;E:\app\Juanpaa\virtual\product\12.2.0\dbhome_1\bin;C:\Windows;C:\Windows\System32\Wbem;C:\Windows\System32\WindowsPowerShell\v1.0;C:\WINDOWS;C:\WINDOWS\System32\Wbem;C:\WINDOWS\System32\WindowsPowerShell\v1.0;C:\WINDOWS\System32\OpenSSH;C:\Program Files (x86)\QuickTime\QTSystem;C:\WINDOWS\system32;C:\WINDOWS;C:\WINDOWS\System32\Wbem;C:\WINDOWS\System32\WindowsPowerShell\v1.0;C:\WINDOWS\System32\OpenSSH;C:\Program Files\MySQL\MySQL Server 8.0\bin;C:\Program Files\Microsoft SQL Server\Client SDK\ODBC\170\Tools\Binn;C:\Program Files (x86)\Microsoft SQL Server\150\Tools\Binn;C:\Program Files\Microsoft SQL Server\150\Tools\Binn;C:\Program Files\Microsoft SQL Server\150\DTS\Binn;C:\Program Files (x86)\Microsoft SQL Server\150\DTS\Binn;C:\Program Files\Azure Data Studio\bin;C:\TDM-GCC-64\bin;C:\Strawberry\perl\bin;C:\Strawberry\perl\site\bin;C:\Strawberry\c\bin;C:\Program Files\dotnet\sdk\7.0.100\MSBuild.dll;C:\Program Files\dotnet;C:\Program Files\Docker\Docker\resources\bin;C:\Program Files\Git\cmd;C:\Users\Juanpaa\AppData\Local\Programs\Python\Python311;C:\Users\Juanpaa\AppData\Local\Programs\Python\Python311\Scripts;C:\Program Files\MySQL\MySQL Shell 8.0\bin;C:\Users\Juanpaa\AppData\Local\Microsoft\WindowsApp;C:\Program Files\Java\jdk1.8.0_271\bin";C:\Users\Juanpaa\AppData\Local\Microsoft\WindowsApps;C:\ProgramData\Juanpaa\GitHubDesktop\bin;C:\Users\Juanpaa\AppData\Local\Programs\Microsoft VS Code\bin;C:\Program Files\Azure Data Studio\bin;C:\Users\Juanpaa\.dotnet\tools;C:\PATH_Programs
PROCESSOR_ARCHITECTURE=x86
PS1=\[\033]0;$TITLEPREFIX:$PWD\007\]\n\[\033[32m\]\u@\h \[\033[35m\]$MSYSTEM \[\033[33m\]\w\[\033[36m\]`__git_ps1`\[\033[0m\]\n$ 
OS=Windows_NT
ProgramW6432=C:\Program Files
PKG_CONFIG_SYSTEM_INCLUDE_PATH=C:/Program Files/Git/mingw64/include
_=C:/Program Files/Git/mingw64/bin/git
ALLUSERSPROFILE=C:\ProgramData


------------
Diagnostic: File system
Skipped: False
Success: True
Exception: None
Log:
Temporary directory is 'C:\Users\Juanpaa\AppData\Local\Temp\'...
Checking basic file I/O...
Writing to temporary file 'C:\Users\Juanpaa\AppData\Local\Temp\5e5d412daa0681ba5446fe45'... OK
Reading from temporary file 'C:\Users\Juanpaa\AppData\Local\Temp\5e5d412daa0681ba5446fe45'... OK
Deleting temporary file 'C:\Users\Juanpaa\AppData\Local\Temp\5e5d412daa0681ba5446fe45'... OK
Testing IFileSystem instance...
UserHomePath: C:\Users\Juanpaa
UserDataDirectoryPath: C:\Users\Juanpaa\.gcm
GetCurrentDirectory(): C:\Users\Juanpaa\Desktop\AplicacionesWeb\workspace\1_introduccion_html\ecommerce-isdw613-JPObregon

------------
Diagnostic: Networking
Skipped: False
Success: True
Exception: None
Log:
Checking networking and HTTP stack...
Creating HTTP client... OK
IsNetworkAvailable: True
Sending HEAD request to http://example.com...Sending HEAD request to https://example.com... OK
Acquiring free TCP port... OK
Testing local HTTP loopback connections...
Creating new HTTP listener for http://localhost:57824/... OK
Waiting for loopback connection... OK
Writing response... OK
Waiting for response data... OK
Loopback connection data OK

